# JRE version: Java(TM) SE Runtime Environment (9.0+11) (build 9.0.4+11)
# Java VM: Java HotSpot(TM) 64-Bit Server VM (9.0.4+11, mixed mode, tiered, compressed oops, g1 gc, windows-amd64)
Heap:
 garbage-first heap   total 431104K, used 131175K [0x0000000700000000, 0x0000000700100d28, 0x00000007c0000000)
  region size 1024K, 3 young (3072K), 1 survivors (1024K)
 Metaspace       used 91886K, capacity 94179K, committed 100480K, reserved 1136640K
  class space    used 11688K, capacity 12148K, committed 13440K, reserved 1048576K
GC Heap History (10 events):
Event: 96615.521 GC heap before
{Heap before GC invocations=3292 (full 774):
 garbage-first heap   total 431104K, used 190853K [0x0000000700000000, 0x0000000700100d28, 0x00000007c0000000)
  region size 1024K, 60 young (61440K), 0 survivors (0K)
 Metaspace       used 91879K, capacity 94179K, committed 100480K, reserved 1136640K
  class space    used 11688K, capacity 12148K, committed 13440K, reserved 1048576K
}
Event: 96615.525 GC heap after
{Heap after GC invocations=3293 (full 774):
 garbage-first heap   total 431104K, used 129799K [0x0000000700000000, 0x0000000700100d28, 0x00000007c0000000)
  region size 1024K, 1 young (1024K), 1 survivors (1024K)
 Metaspace       used 91879K, capacity 94179K, committed 100480K, reserved 1136640K
  class space    used 11688K, capacity 12148K, committed 13440K, reserved 1048576K
}
Event: 96616.691 GC heap before
{Heap before GC invocations=3293 (full 774):
 garbage-first heap   total 431104K, used 190215K [0x0000000700000000, 0x0000000700100d28, 0x00000007c0000000)
  region size 1024K, 60 young (61440K), 1 survivors (1024K)
 Metaspace       used 91880K, capacity 94179K, committed 100480K, reserved 1136640K
  class space    used 11688K, capacity 12148K, committed 13440K, reserved 1048576K
}
Event: 96616.693 GC heap after
{Heap after GC invocations=3294 (full 774):
 garbage-first heap   total 431104K, used 129888K [0x0000000700000000, 0x0000000700100d28, 0x00000007c0000000)
  region size 1024K, 1 young (1024K), 1 survivors (1024K)
 Metaspace       used 91880K, capacity 94179K, committed 100480K, reserved 1136640K
  class space    used 11688K, capacity 12148K, committed 13440K, reserved 1048576K
}
Event: 96618.802 GC heap before
{Heap before GC invocations=3294 (full 774):
 garbage-first heap   total 431104K, used 190304K [0x0000000700000000, 0x0000000700100d28, 0x00000007c0000000)
  region size 1024K, 60 young (61440K), 1 survivors (1024K)
 Metaspace       used 91881K, capacity 94179K, committed 100480K, reserved 1136640K
  class space    used 11688K, capacity 12148K, committed 13440K, reserved 1048576K
}
Event: 96618.804 GC heap after
{Heap after GC invocations=3295 (full 774):
 garbage-first heap   total 431104K, used 129853K [0x0000000700000000, 0x0000000700100d28, 0x00000007c0000000)
  region size 1024K, 1 young (1024K), 1 survivors (1024K)
 Metaspace       used 91881K, capacity 94179K, committed 100480K, reserved 1136640K
  class space    used 11688K, capacity 12148K, committed 13440K, reserved 1048576K
}
Event: 96623.949 GC heap before
{Heap before GC invocations=3295 (full 774):
 garbage-first heap   total 431104K, used 190269K [0x0000000700000000, 0x0000000700100d28, 0x00000007c0000000)
  region size 1024K, 60 young (61440K), 1 survivors (1024K)
 Metaspace       used 91885K, capacity 94179K, committed 100480K, reserved 1136640K
  class space    used 11688K, capacity 12148K, committed 13440K, reserved 1048576K
}
Event: 96623.951 GC heap after
{Heap after GC invocations=3296 (full 774):
 garbage-first heap   total 431104K, used 129912K [0x0000000700000000, 0x0000000700100d28, 0x00000007c0000000)
  region size 1024K, 1 young (1024K), 1 survivors (1024K)
 Metaspace       used 91885K, capacity 94179K, committed 100480K, reserved 1136640K
  class space    used 11688K, capacity 12148K, committed 13440K, reserved 1048576K
}
Event: 96625.590 GC heap before
{Heap before GC invocations=3296 (full 774):
 garbage-first heap   total 431104K, used 190328K [0x0000000700000000, 0x0000000700100d28, 0x00000007c0000000)
  region size 1024K, 60 young (61440K), 1 survivors (1024K)
 Metaspace       used 91886K, capacity 94179K, committed 100480K, reserved 1136640K
  class space    used 11688K, capacity 12148K, committed 13440K, reserved 1048576K
}
Event: 96625.593 GC heap after
{Heap after GC invocations=3297 (full 774):
 garbage-first heap   total 431104K, used 130151K [0x0000000700000000, 0x0000000700100d28, 0x00000007c0000000)
  region size 1024K, 1 young (1024K), 1 survivors (1024K)
 Metaspace       used 91886K, capacity 94179K, committed 100480K, reserved 1136640K
  class space    used 11688K, capacity 12148K, committed 13440K, reserved 1048576K
}

