# JRE version: Java(TM) SE Runtime Environment (9.0+11) (build 9.0.4+11)
# Java VM: Java HotSpot(TM) 64-Bit Server VM (9.0.4+11, mixed mode, tiered, compressed oops, g1 gc, windows-amd64)
Heap:
 garbage-first heap   total 162816K, used 115950K [0x0000000700000000, 0x00000007001004f8, 0x00000007c0000000)
  region size 1024K, 40 young (40960K), 2 survivors (2048K)
 Metaspace       used 84846K, capacity 90991K, committed 91136K, reserved 1128448K
  class space    used 11370K, capacity 12438K, committed 12544K, reserved 1048576K
GC Heap History (10 events):
Event: 650.626 GC heap before
{Heap before GC invocations=277 (full 76):
 garbage-first heap   total 162816K, used 138346K [0x0000000700000000, 0x00000007001004f8, 0x00000007c0000000)
  region size 1024K, 60 young (61440K), 1 survivors (1024K)
 Metaspace       used 84794K, capacity 90991K, committed 91136K, reserved 1128448K
  class space    used 11370K, capacity 12438K, committed 12544K, reserved 1048576K
}
Event: 650.629 GC heap after
{Heap after GC invocations=278 (full 76):
 garbage-first heap   total 162816K, used 78025K [0x0000000700000000, 0x00000007001004f8, 0x00000007c0000000)
  region size 1024K, 1 young (1024K), 1 survivors (1024K)
 Metaspace       used 84794K, capacity 90991K, committed 91136K, reserved 1128448K
  class space    used 11370K, capacity 12438K, committed 12544K, reserved 1048576K
}
Event: 651.675 GC heap before
{Heap before GC invocations=279 (full 76):
 garbage-first heap   total 162816K, used 138441K [0x0000000700000000, 0x00000007001004f8, 0x00000007c0000000)
  region size 1024K, 60 young (61440K), 1 survivors (1024K)
 Metaspace       used 84794K, capacity 90991K, committed 91136K, reserved 1128448K
  class space    used 11370K, capacity 12438K, committed 12544K, reserved 1048576K
}
Event: 651.677 GC heap after
{Heap after GC invocations=280 (full 76):
 garbage-first heap   total 162816K, used 77932K [0x0000000700000000, 0x00000007001004f8, 0x00000007c0000000)
  region size 1024K, 1 young (1024K), 1 survivors (1024K)
 Metaspace       used 84794K, capacity 90991K, committed 91136K, reserved 1128448K
  class space    used 11370K, capacity 12438K, committed 12544K, reserved 1048576K
}
Event: 652.642 GC heap before
{Heap before GC invocations=280 (full 76):
 garbage-first heap   total 162816K, used 138348K [0x0000000700000000, 0x00000007001004f8, 0x00000007c0000000)
  region size 1024K, 60 young (61440K), 1 survivors (1024K)
 Metaspace       used 84800K, capacity 90991K, committed 91136K, reserved 1128448K
  class space    used 11370K, capacity 12438K, committed 12544K, reserved 1048576K
}
Event: 652.646 GC heap after
{Heap after GC invocations=281 (full 76):
 garbage-first heap   total 162816K, used 78125K [0x0000000700000000, 0x00000007001004f8, 0x00000007c0000000)
  region size 1024K, 2 young (2048K), 2 survivors (2048K)
 Metaspace       used 84800K, capacity 90991K, committed 91136K, reserved 1128448K
  class space    used 11370K, capacity 12438K, committed 12544K, reserved 1048576K
}
Event: 653.294 GC heap before
{Heap before GC invocations=282 (full 76):
 garbage-first heap   total 162816K, used 137517K [0x0000000700000000, 0x00000007001004f8, 0x00000007c0000000)
  region size 1024K, 60 young (61440K), 2 survivors (2048K)
 Metaspace       used 84800K, capacity 90991K, committed 91136K, reserved 1128448K
  class space    used 11370K, capacity 12438K, committed 12544K, reserved 1048576K
}
Event: 653.298 GC heap after
{Heap after GC invocations=283 (full 76):
 garbage-first heap   total 162816K, used 78112K [0x0000000700000000, 0x00000007001004f8, 0x00000007c0000000)
  region size 1024K, 2 young (2048K), 2 survivors (2048K)
 Metaspace       used 84800K, capacity 90991K, committed 91136K, reserved 1128448K
  class space    used 11370K, capacity 12438K, committed 12544K, reserved 1048576K
}
Event: 654.349 GC heap before
{Heap before GC invocations=283 (full 76):
 garbage-first heap   total 162816K, used 137504K [0x0000000700000000, 0x00000007001004f8, 0x00000007c0000000)
  region size 1024K, 60 young (61440K), 2 survivors (2048K)
 Metaspace       used 84844K, capacity 90991K, committed 91136K, reserved 1128448K
  class space    used 11370K, capacity 12438K, committed 12544K, reserved 1048576K
}
Event: 654.352 GC heap after
{Heap after GC invocations=284 (full 76):
 garbage-first heap   total 162816K, used 78062K [0x0000000700000000, 0x00000007001004f8, 0x00000007c0000000)
  region size 1024K, 2 young (2048K), 2 survivors (2048K)
 Metaspace       used 84844K, capacity 90991K, committed 91136K, reserved 1128448K
  class space    used 11370K, capacity 12438K, committed 12544K, reserved 1048576K
}

