# JRE version: Java(TM) SE Runtime Environment (9.0+11) (build 9.0.4+11)
# Java VM: Java HotSpot(TM) 64-Bit Server VM (9.0.4+11, mixed mode, tiered, compressed oops, g1 gc, windows-amd64)
Heap:
 garbage-first heap   total 436224K, used 141906K [0x0000000700000000, 0x0000000700100d50, 0x00000007c0000000)
  region size 1024K, 6 young (6144K), 1 survivors (1024K)
 Metaspace       used 91926K, capacity 99053K, committed 99200K, reserved 1134592K
  class space    used 12364K, capacity 13597K, committed 13696K, reserved 1048576K
GC Heap History (10 events):
Event: 2268.218 GC heap before
{Heap before GC invocations=692 (full 129):
 garbage-first heap   total 436224K, used 174919K [0x0000000700000000, 0x0000000700100d50, 0x00000007c0000000)
  region size 1024K, 38 young (38912K), 0 survivors (0K)
 Metaspace       used 91895K, capacity 98919K, committed 99200K, reserved 1134592K
  class space    used 12363K, capacity 13596K, committed 13696K, reserved 1048576K
}
Event: 2268.418 GC heap after
{Heap after GC invocations=693 (full 130):
 garbage-first heap   total 436224K, used 137168K [0x0000000700000000, 0x0000000700100d50, 0x00000007c0000000)
  region size 1024K, 0 young (0K), 0 survivors (0K)
 Metaspace       used 91895K, capacity 98919K, committed 99200K, reserved 1134592K
  class space    used 12363K, capacity 13596K, committed 13696K, reserved 1048576K
}
Event: 2271.915 GC heap before
{Heap before GC invocations=693 (full 130):
 garbage-first heap   total 436224K, used 198608K [0x0000000700000000, 0x0000000700100d50, 0x00000007c0000000)
  region size 1024K, 60 young (61440K), 0 survivors (0K)
 Metaspace       used 91895K, capacity 98919K, committed 99200K, reserved 1134592K
  class space    used 12363K, capacity 13596K, committed 13696K, reserved 1048576K
}
Event: 2271.918 GC heap after
{Heap after GC invocations=694 (full 130):
 garbage-first heap   total 436224K, used 137677K [0x0000000700000000, 0x0000000700100d50, 0x00000007c0000000)
  region size 1024K, 1 young (1024K), 1 survivors (1024K)
 Metaspace       used 91895K, capacity 98919K, committed 99200K, reserved 1134592K
  class space    used 12363K, capacity 13596K, committed 13696K, reserved 1048576K
}
Event: 2273.727 GC heap before
{Heap before GC invocations=694 (full 130):
 garbage-first heap   total 436224K, used 198093K [0x0000000700000000, 0x0000000700100d50, 0x00000007c0000000)
  region size 1024K, 60 young (61440K), 1 survivors (1024K)
 Metaspace       used 91897K, capacity 98925K, committed 99200K, reserved 1134592K
  class space    used 12364K, capacity 13597K, committed 13696K, reserved 1048576K
}
Event: 2273.729 GC heap after
{Heap after GC invocations=695 (full 130):
 garbage-first heap   total 436224K, used 137455K [0x0000000700000000, 0x0000000700100d50, 0x00000007c0000000)
  region size 1024K, 1 young (1024K), 1 survivors (1024K)
 Metaspace       used 91897K, capacity 98925K, committed 99200K, reserved 1134592K
  class space    used 12364K, capacity 13597K, committed 13696K, reserved 1048576K
}
Event: 2274.657 GC heap before
{Heap before GC invocations=695 (full 130):
 garbage-first heap   total 436224K, used 197871K [0x0000000700000000, 0x0000000700100d50, 0x00000007c0000000)
  region size 1024K, 60 young (61440K), 1 survivors (1024K)
 Metaspace       used 91914K, capacity 98989K, committed 99200K, reserved 1134592K
  class space    used 12364K, capacity 13597K, committed 13696K, reserved 1048576K
}
Event: 2274.659 GC heap after
{Heap after GC invocations=696 (full 130):
 garbage-first heap   total 436224K, used 137527K [0x0000000700000000, 0x0000000700100d50, 0x00000007c0000000)
  region size 1024K, 1 young (1024K), 1 survivors (1024K)
 Metaspace       used 91914K, capacity 98989K, committed 99200K, reserved 1134592K
  class space    used 12364K, capacity 13597K, committed 13696K, reserved 1048576K
}
Event: 2275.887 GC heap before
{Heap before GC invocations=696 (full 130):
 garbage-first heap   total 436224K, used 197943K [0x0000000700000000, 0x0000000700100d50, 0x00000007c0000000)
  region size 1024K, 60 young (61440K), 1 survivors (1024K)
 Metaspace       used 91926K, capacity 99053K, committed 99200K, reserved 1134592K
  class space    used 12364K, capacity 13597K, committed 13696K, reserved 1048576K
}
Event: 2275.890 GC heap after
{Heap after GC invocations=697 (full 130):
 garbage-first heap   total 436224K, used 137810K [0x0000000700000000, 0x0000000700100d50, 0x00000007c0000000)
  region size 1024K, 1 young (1024K), 1 survivors (1024K)
 Metaspace       used 91926K, capacity 99053K, committed 99200K, reserved 1134592K
  class space    used 12364K, capacity 13597K, committed 13696K, reserved 1048576K
}

