# JRE version: Java(TM) SE Runtime Environment (9.0+11) (build 9.0.4+11)
# Java VM: Java HotSpot(TM) 64-Bit Server VM (9.0.4+11, mixed mode, tiered, compressed oops, g1 gc, windows-amd64)
Heap:
 garbage-first heap   total 189440K, used 88609K [0x0000000700000000, 0x00000007001005c8, 0x00000007c0000000)
  region size 1024K, 12 young (12288K), 1 survivors (1024K)
 Metaspace       used 83893K, capacity 90153K, committed 90240K, reserved 1126400K
  class space    used 11256K, capacity 12335K, committed 12416K, reserved 1048576K
GC Heap History (10 events):
Event: 1331.066 GC heap before
{Heap before GC invocations=358 (full 164):
 garbage-first heap   total 189440K, used 138589K [0x0000000700000000, 0x00000007001005c8, 0x00000007c0000000)
  region size 1024K, 60 young (61440K), 1 survivors (1024K)
 Metaspace       used 83884K, capacity 90153K, committed 90240K, reserved 1126400K
  class space    used 11256K, capacity 12335K, committed 12416K, reserved 1048576K
}
Event: 1331.068 GC heap after
{Heap after GC invocations=359 (full 164):
 garbage-first heap   total 189440K, used 78206K [0x0000000700000000, 0x00000007001005c8, 0x00000007c0000000)
  region size 1024K, 1 young (1024K), 1 survivors (1024K)
 Metaspace       used 83884K, capacity 90153K, committed 90240K, reserved 1126400K
  class space    used 11256K, capacity 12335K, committed 12416K, reserved 1048576K
}
Event: 1335.000 GC heap before
{Heap before GC invocations=359 (full 164):
 garbage-first heap   total 189440K, used 138622K [0x0000000700000000, 0x00000007001005c8, 0x00000007c0000000)
  region size 1024K, 60 young (61440K), 1 survivors (1024K)
 Metaspace       used 83889K, capacity 90153K, committed 90240K, reserved 1126400K
  class space    used 11256K, capacity 12335K, committed 12416K, reserved 1048576K
}
Event: 1335.002 GC heap after
{Heap after GC invocations=360 (full 164):
 garbage-first heap   total 189440K, used 78154K [0x0000000700000000, 0x00000007001005c8, 0x00000007c0000000)
  region size 1024K, 1 young (1024K), 1 survivors (1024K)
 Metaspace       used 83889K, capacity 90153K, committed 90240K, reserved 1126400K
  class space    used 11256K, capacity 12335K, committed 12416K, reserved 1048576K
}
Event: 1336.356 GC heap before
{Heap before GC invocations=360 (full 164):
 garbage-first heap   total 189440K, used 138570K [0x0000000700000000, 0x00000007001005c8, 0x00000007c0000000)
  region size 1024K, 60 young (61440K), 1 survivors (1024K)
 Metaspace       used 83889K, capacity 90153K, committed 90240K, reserved 1126400K
  class space    used 11256K, capacity 12335K, committed 12416K, reserved 1048576K
}
Event: 1336.359 GC heap after
{Heap after GC invocations=361 (full 164):
 garbage-first heap   total 189440K, used 78050K [0x0000000700000000, 0x00000007001005c8, 0x00000007c0000000)
  region size 1024K, 1 young (1024K), 1 survivors (1024K)
 Metaspace       used 83889K, capacity 90153K, committed 90240K, reserved 1126400K
  class space    used 11256K, capacity 12335K, committed 12416K, reserved 1048576K
}
Event: 1337.264 GC heap before
{Heap before GC invocations=361 (full 164):
 garbage-first heap   total 189440K, used 138466K [0x0000000700000000, 0x00000007001005c8, 0x00000007c0000000)
  region size 1024K, 60 young (61440K), 1 survivors (1024K)
 Metaspace       used 83889K, capacity 90153K, committed 90240K, reserved 1126400K
  class space    used 11256K, capacity 12335K, committed 12416K, reserved 1048576K
}
Event: 1337.266 GC heap after
{Heap after GC invocations=362 (full 164):
 garbage-first heap   total 189440K, used 78001K [0x0000000700000000, 0x00000007001005c8, 0x00000007c0000000)
  region size 1024K, 1 young (1024K), 1 survivors (1024K)
 Metaspace       used 83889K, capacity 90153K, committed 90240K, reserved 1126400K
  class space    used 11256K, capacity 12335K, committed 12416K, reserved 1048576K
}
Event: 1338.045 GC heap before
{Heap before GC invocations=362 (full 164):
 garbage-first heap   total 189440K, used 138417K [0x0000000700000000, 0x00000007001005c8, 0x00000007c0000000)
  region size 1024K, 60 young (61440K), 1 survivors (1024K)
 Metaspace       used 83889K, capacity 90153K, committed 90240K, reserved 1126400K
  class space    used 11256K, capacity 12335K, committed 12416K, reserved 1048576K
}
Event: 1338.047 GC heap after
{Heap after GC invocations=363 (full 164):
 garbage-first heap   total 189440K, used 78369K [0x0000000700000000, 0x00000007001005c8, 0x00000007c0000000)
  region size 1024K, 1 young (1024K), 1 survivors (1024K)
 Metaspace       used 83889K, capacity 90153K, committed 90240K, reserved 1126400K
  class space    used 11256K, capacity 12335K, committed 12416K, reserved 1048576K
}

